Using pre-set license
Built from '2021.3/release' branch; Version is '2021.3.12f1 (8af3c3e441b1) revision 9106371'; Using compiler version '192829333'; Build Type 'Release'
OS: 'Windows 11  (10.0.22000) 64bit Core' Language: 'en' Physical Memory: 65306 MB
BatchMode: 1, IsHumanControllingUs: 0, StartBugReporterOnCrash: 0, Is64bit: 1, IsPro: 1

COMMAND LINE ARGUMENTS:
C:\Program Files\Unity\Hub\Editor\2021.3.12f1\Editor\Unity.exe
-adb2
-batchMode
-noUpm
-name
AssetImportWorker2
-projectPath
D:/Classes/_ Year 3/ITEC 3100/Dinosaur-Churros
-logFile
Logs/AssetImportWorker2.log
-srvPort
51167
Successfully changed project path to: D:/Classes/_ Year 3/ITEC 3100/Dinosaur-Churros
D:/Classes/_ Year 3/ITEC 3100/Dinosaur-Churros
[UnityMemory] Configuration Parameters - Can be set up in boot.config
    "memorysetup-bucket-allocator-granularity=16"
    "memorysetup-bucket-allocator-bucket-count=8"
    "memorysetup-bucket-allocator-block-size=33554432"
    "memorysetup-bucket-allocator-block-count=8"
    "memorysetup-main-allocator-block-size=16777216"
    "memorysetup-thread-allocator-block-size=16777216"
    "memorysetup-gfx-main-allocator-block-size=16777216"
    "memorysetup-gfx-thread-allocator-block-size=16777216"
    "memorysetup-cache-allocator-block-size=4194304"
    "memorysetup-typetree-allocator-block-size=2097152"
    "memorysetup-profiler-bucket-allocator-granularity=16"
    "memorysetup-profiler-bucket-allocator-bucket-count=8"
    "memorysetup-profiler-bucket-allocator-block-size=33554432"
    "memorysetup-profiler-bucket-allocator-block-count=8"
    "memorysetup-profiler-allocator-block-size=16777216"
    "memorysetup-profiler-editor-allocator-block-size=1048576"
    "memorysetup-temp-allocator-size-main=16777216"
    "memorysetup-job-temp-allocator-block-size=2097152"
    "memorysetup-job-temp-allocator-block-size-background=1048576"
    "memorysetup-job-temp-allocator-reduction-small-platforms=262144"
    "memorysetup-temp-allocator-size-background-worker=32768"
    "memorysetup-temp-allocator-size-job-worker=262144"
    "memorysetup-temp-allocator-size-preload-manager=33554432"
    "memorysetup-temp-allocator-size-nav-mesh-worker=65536"
    "memorysetup-temp-allocator-size-audio-worker=65536"
    "memorysetup-temp-allocator-size-cloud-worker=32768"
    "memorysetup-temp-allocator-size-gi-baking-worker=262144"
    "memorysetup-temp-allocator-size-gfx=262144"
Refreshing native plugins compatible for Editor in 81.53 ms, found 3 plugins.
Preloading 0 native plugins for Editor in 0.00 ms.
Initialize engine version: 2021.3.12f1 (8af3c3e441b1)
[Subsystems] Discovering subsystems at path C:/Program Files/Unity/Hub/Editor/2021.3.12f1/Editor/Data/Resources/UnitySubsystems
[Subsystems] Discovering subsystems at path D:/Classes/_ Year 3/ITEC 3100/Dinosaur-Churros/Assets
GfxDevice: creating device client; threaded=0; jobified=0
Direct3D:
    Version:  Direct3D 11.0 [level 11.1]
    Renderer: NVIDIA GeForce RTX 2070 SUPER (ID=0x1e84)
    Vendor:   NVIDIA
    VRAM:     8003 MB
    Driver:   31.0.15.2824
Initialize mono
Mono path[0] = 'C:/Program Files/Unity/Hub/Editor/2021.3.12f1/Editor/Data/Managed'
Mono path[1] = 'C:/Program Files/Unity/Hub/Editor/2021.3.12f1/Editor/Data/MonoBleedingEdge/lib/mono/unityjit-win32'
Mono config path = 'C:/Program Files/Unity/Hub/Editor/2021.3.12f1/Editor/Data/MonoBleedingEdge/etc'
Using monoOptions --debugger-agent=transport=dt_socket,embedding=1,server=y,suspend=n,address=127.0.0.1:56848
Begin MonoManager ReloadAssembly
Registering precompiled unity dll's ...
Register platform support module: C:/Program Files/Unity/Hub/Editor/2021.3.12f1/Editor/Data/PlaybackEngines/WindowsStandaloneSupport/UnityEditor.WindowsStandalone.Extensions.dll
Registered in 0.006068 seconds.
Native extension for WindowsStandalone target not found
Refreshing native plugins compatible for Editor in 76.83 ms, found 3 plugins.
Preloading 0 native plugins for Editor in 0.00 ms.
Mono: successfully reloaded assembly
- Completed reload, in  0.604 seconds
Domain Reload Profiling:
	ReloadAssembly (604ms)
		BeginReloadAssembly (71ms)
			ExecutionOrderSort (0ms)
			DisableScriptedObjects (0ms)
			BackupInstance (0ms)
			ReleaseScriptingObjects (0ms)
			CreateAndSetChildDomain (1ms)
		EndReloadAssembly (424ms)
			LoadAssemblies (69ms)
			RebuildTransferFunctionScriptingTraits (0ms)
			SetupTypeCache (95ms)
			ReleaseScriptCaches (0ms)
			RebuildScriptCaches (25ms)
			SetupLoadedEditorAssemblies (256ms)
				LogAssemblyErrors (0ms)
				InitializePlatformSupportModulesInManaged (7ms)
				SetLoadedEditorAssemblies (0ms)
				RefreshPlugins (77ms)
				BeforeProcessingInitializeOnLoad (1ms)
				ProcessInitializeOnLoadAttributes (129ms)
				ProcessInitializeOnLoadMethodAttributes (41ms)
				AfterProcessingInitializeOnLoad (0ms)
				EditorAssembliesLoaded (0ms)
			ExecutionOrderSort2 (0ms)
			AwakeInstancesAfterBackupRestoration (0ms)
Platform modules already initialized, skipping
Registering precompiled user dll's ...
Registered in 0.004799 seconds.
Begin MonoManager ReloadAssembly
Symbol file LoadedFromMemory doesn't match image D:\Classes\_ Year 3\ITEC 3100\Dinosaur-Churros\Library\PackageCache\com.unity.visualscripting@1.7.8\Editor\VisualScripting.Core\Dependencies\YamlDotNet\Unity.VisualScripting.YamlDotNet.dll
Symbol file LoadedFromMemory doesn't match image D:\Classes\_ Year 3\ITEC 3100\Dinosaur-Churros\Library\PackageCache\com.unity.visualscripting@1.7.8\Editor\VisualScripting.Core\Dependencies\DotNetZip\Unity.VisualScripting.IonicZip.dll
Native extension for WindowsStandalone target not found
Refreshing native plugins compatible for Editor in 0.53 ms, found 3 plugins.
Preloading 0 native plugins for Editor in 0.00 ms.
Mono: successfully reloaded assembly
- Completed reload, in  0.964 seconds
Domain Reload Profiling:
	ReloadAssembly (965ms)
		BeginReloadAssembly (105ms)
			ExecutionOrderSort (0ms)
			DisableScriptedObjects (6ms)
			BackupInstance (0ms)
			ReleaseScriptingObjects (0ms)
			CreateAndSetChildDomain (16ms)
		EndReloadAssembly (748ms)
			LoadAssemblies (77ms)
			RebuildTransferFunctionScriptingTraits (0ms)
			SetupTypeCache (237ms)
			ReleaseScriptCaches (1ms)
			RebuildScriptCaches (43ms)
			SetupLoadedEditorAssemblies (361ms)
				LogAssemblyErrors (0ms)
				InitializePlatformSupportModulesInManaged (5ms)
				SetLoadedEditorAssemblies (0ms)
				RefreshPlugins (1ms)
				BeforeProcessingInitializeOnLoad (82ms)
				ProcessInitializeOnLoadAttributes (222ms)
				ProcessInitializeOnLoadMethodAttributes (42ms)
				AfterProcessingInitializeOnLoad (8ms)
				EditorAssembliesLoaded (0ms)
			ExecutionOrderSort2 (0ms)
			AwakeInstancesAfterBackupRestoration (5ms)
Platform modules already initialized, skipping
========================================================================
Worker process is ready to serve import requests
Launched and connected shader compiler UnityShaderCompiler.exe after 0.04 seconds
Refreshing native plugins compatible for Editor in 0.55 ms, found 3 plugins.
Preloading 0 native plugins for Editor in 0.00 ms.
Unloading 3381 Unused Serialized files (Serialized files now loaded: 0)
Unloading 27 unused Assets / (113.4 KB). Loaded Objects now: 3847.
Memory consumption went from 119.0 MB to 118.9 MB.
Total: 5.333000 ms (FindLiveObjects: 0.387200 ms CreateObjectMapping: 0.291800 ms MarkObjects: 4.517300 ms  DeleteObjects: 0.135200 ms)

AssetImportParameters requested are different than current active one (requested -> active):
  custom:video-decoder-ogg-theora: a1e56fd34408186e4bbccfd4996cb3dc -> 
  custom:container-muxer-webm: aa71ff27fc2769a1b78a27578f13a17b -> 
  custom:container-demuxer-webm: 4f35f7cbe854078d1ac9338744f61a02 -> 
  custom:video-encoder-webm-vp8: eb34c28f22e8b96e1ab97ce403110664 -> 
  custom:video-codec-MediaFoundation-h265: 746d11721c4dcdbdad8f713fa42b33f4 -> 
  custom:audio-encoder-webm-vorbis: bf7c407c2cedff20999df2af8eb42d56 -> 
  custom:framework-win-MediaFoundation: 216162199b28c13a410421893ffa2e32 -> 
  custom:container-demuxer-ogg: 62fdf1f143b41e24485cea50d1cbac27 -> 
  custom:video-decoder-webm-vp8: 9c59270c3fd7afecdb556c50c9e8de78 -> 
  custom:audio-decoder-ogg-vorbis: bf7c407c2cedff20999df2af8eb42d56 -> 
========================================================================
Received Import Request.
  Time since last request: 13956.013148 seconds.
  path: Assets/Prefabs/trashCan.prefab
  artifactKey: Guid(dcbdfffcbdf08cd4abc8151a67bc330e) Importer(815301076,1909f56bfc062723c751e8b465ee728b)
Start importing Assets/Prefabs/trashCan.prefab using Guid(dcbdfffcbdf08cd4abc8151a67bc330e) Importer(815301076,1909f56bfc062723c751e8b465ee728b)  -> (artifact id: 'a67ecf941203089b1d9f709ec20726cb') in 0.117382 seconds 
========================================================================
Received Import Request.
  Time since last request: 2.730811 seconds.
  path: Assets/Created Assets
  artifactKey: Guid(a7a7914fcc4e3774c99a5efe15909890) Importer(815301076,1909f56bfc062723c751e8b465ee728b)
Start importing Assets/Created Assets using Guid(a7a7914fcc4e3774c99a5efe15909890) Importer(815301076,1909f56bfc062723c751e8b465ee728b)  -> (artifact id: '638396bc6ad79eada76583de343326e8') in 0.007435 seconds 
========================================================================
Received Import Request.
  Time since last request: 0.073594 seconds.
  path: Assets/Created Assets/Behind Stall.mat
  artifactKey: Guid(32319791b148ef644beadeb78818e012) Importer(815301076,1909f56bfc062723c751e8b465ee728b)
Start importing Assets/Created Assets/Behind Stall.mat using Guid(32319791b148ef644beadeb78818e012) Importer(815301076,1909f56bfc062723c751e8b465ee728b)  -> (artifact id: 'b3dd24268d0a229ab89058183273dccb') in 0.048620 seconds 
========================================================================
Received Import Request.
  Time since last request: 0.000021 seconds.
  path: Assets/Created Assets/Stand Texture.png
  artifactKey: Guid(8c7141e6b9393d24e84c04f86d5cda51) Importer(815301076,1909f56bfc062723c751e8b465ee728b)
Start importing Assets/Created Assets/Stand Texture.png using Guid(8c7141e6b9393d24e84c04f86d5cda51) Importer(815301076,1909f56bfc062723c751e8b465ee728b)  -> (artifact id: 'e2a3a5c426ef29c9e61f45e3722d1407') in 0.058179 seconds 
========================================================================
Received Import Request.
  Time since last request: 0.000021 seconds.
  path: Assets/Created Assets/LampPost.fbx
  artifactKey: Guid(f8b6845280d202045a9aa25010df2b01) Importer(815301076,1909f56bfc062723c751e8b465ee728b)
Start importing Assets/Created Assets/LampPost.fbx using Guid(f8b6845280d202045a9aa25010df2b01) Importer(815301076,1909f56bfc062723c751e8b465ee728b)  -> (artifact id: '48dc8ee33ae1c9a7faece5842fc33b19') in 0.084065 seconds 
========================================================================
Received Import Request.
  Time since last request: 7.784426 seconds.
  path: Assets/Imported Assets
  artifactKey: Guid(b5b97b72b396bab4fa05b9cbf2a7411e) Importer(815301076,1909f56bfc062723c751e8b465ee728b)
Start importing Assets/Imported Assets using Guid(b5b97b72b396bab4fa05b9cbf2a7411e) Importer(815301076,1909f56bfc062723c751e8b465ee728b)  -> (artifact id: '1e46f2a1bca11fb964563adab2049b0a') in 0.007522 seconds 
========================================================================
Received Import Request.
  Time since last request: 0.046415 seconds.
  path: Assets/Imported Assets/grassMaterial.mat
  artifactKey: Guid(e5aa759ff5779b64ab6cee95c107c81f) Importer(815301076,1909f56bfc062723c751e8b465ee728b)
Start importing Assets/Imported Assets/grassMaterial.mat using Guid(e5aa759ff5779b64ab6cee95c107c81f) Importer(815301076,1909f56bfc062723c751e8b465ee728b)  -> (artifact id: 'acf1b7da6e418e8c179ac1151147163f') in 0.022615 seconds 
========================================================================
Received Import Request.
  Time since last request: 7.426089 seconds.
  path: Assets/Audio
  artifactKey: Guid(25f5c7234519701458bd32bd62b490e6) Importer(815301076,1909f56bfc062723c751e8b465ee728b)
Start importing Assets/Audio using Guid(25f5c7234519701458bd32bd62b490e6) Importer(815301076,1909f56bfc062723c751e8b465ee728b)  -> (artifact id: 'b6c410a26cd698febc91937d5f19ed4d') in 0.006025 seconds 
========================================================================
Received Import Request.
  Time since last request: 185.661193 seconds.
  path: Assets/credit.txt
  artifactKey: Guid(911fe83d1f642d6449a734943922b36c) Importer(815301076,1909f56bfc062723c751e8b465ee728b)
Start importing Assets/credit.txt using Guid(911fe83d1f642d6449a734943922b36c) Importer(815301076,1909f56bfc062723c751e8b465ee728b)  -> (artifact id: '1799d80254924536908070063efe4b03') in 0.007397 seconds 
========================================================================
Received Import Request.
  Time since last request: 26.279663 seconds.
  path: Assets/Janine
  artifactKey: Guid(28e3032387d64d04092319cf8f34b9a7) Importer(815301076,1909f56bfc062723c751e8b465ee728b)
Start importing Assets/Janine using Guid(28e3032387d64d04092319cf8f34b9a7) Importer(815301076,1909f56bfc062723c751e8b465ee728b)  -> (artifact id: '7d59b2805e15a3c2e9d7fdda9d4a91a9') in 0.006188 seconds 
========================================================================
Received Import Request.
  Time since last request: 9.408653 seconds.
  path: Assets/Janine/credit.txt
  artifactKey: Guid(b41d87eeacea0704aa365a23616dbed5) Importer(815301076,1909f56bfc062723c751e8b465ee728b)
Start importing Assets/Janine/credit.txt using Guid(b41d87eeacea0704aa365a23616dbed5) Importer(815301076,1909f56bfc062723c751e8b465ee728b)  -> (artifact id: '11863636831686e67d04c9f2f120d9ce') in 0.002236 seconds 
========================================================================
Received Import Request.
  Time since last request: 11.092960 seconds.
  path: Assets/Janine/diffuse.JanineArms_v04.png
  artifactKey: Guid(45b0700a91f45b141a79d524874d58f0) Importer(815301076,1909f56bfc062723c751e8b465ee728b)
Start importing Assets/Janine/diffuse.JanineArms_v04.png using Guid(45b0700a91f45b141a79d524874d58f0) Importer(815301076,1909f56bfc062723c751e8b465ee728b)  -> (artifact id: 'f8a74ba8f287150f55a8d3d8817d8f05') in 0.022302 seconds 
========================================================================
Received Import Request.
  Time since last request: 0.000021 seconds.
  path: Assets/Janine/diffuse.JanineBodyRED_v02.png
  artifactKey: Guid(3536ca41f144773458f205c3b6a45d05) Importer(815301076,1909f56bfc062723c751e8b465ee728b)
Start importing Assets/Janine/diffuse.JanineBodyRED_v02.png using Guid(3536ca41f144773458f205c3b6a45d05) Importer(815301076,1909f56bfc062723c751e8b465ee728b)  -> (artifact id: '80c4c703dc025dd5916c1eda32e62ca9') in 0.017835 seconds 
Editor requested this worker to shutdown with reason: Scaling down because of idle timeout
AssetImportWorker is now disconnected from the server
Process exiting
Exiting without the bug reporter. Application will terminate with return code 0