Using pre-set license
Built from '2021.3/release' branch; Version is '2021.3.12f1 (8af3c3e441b1) revision 9106371'; Using compiler version '192829333'; Build Type 'Release'
OS: 'Windows 11  (10.0.22000) 64bit Core' Language: 'en' Physical Memory: 65306 MB
BatchMode: 1, IsHumanControllingUs: 0, StartBugReporterOnCrash: 0, Is64bit: 1, IsPro: 1

COMMAND LINE ARGUMENTS:
C:\Program Files\Unity\Hub\Editor\2021.3.12f1\Editor\Unity.exe
-adb2
-batchMode
-noUpm
-name
AssetImportWorker4
-projectPath
D:/Classes/_ Year 3/ITEC 3100/Dinosaur-Churros
-logFile
Logs/AssetImportWorker4.log
-srvPort
51167
Successfully changed project path to: D:/Classes/_ Year 3/ITEC 3100/Dinosaur-Churros
D:/Classes/_ Year 3/ITEC 3100/Dinosaur-Churros
[UnityMemory] Configuration Parameters - Can be set up in boot.config
    "memorysetup-bucket-allocator-granularity=16"
    "memorysetup-bucket-allocator-bucket-count=8"
    "memorysetup-bucket-allocator-block-size=33554432"
    "memorysetup-bucket-allocator-block-count=8"
    "memorysetup-main-allocator-block-size=16777216"
    "memorysetup-thread-allocator-block-size=16777216"
    "memorysetup-gfx-main-allocator-block-size=16777216"
    "memorysetup-gfx-thread-allocator-block-size=16777216"
    "memorysetup-cache-allocator-block-size=4194304"
    "memorysetup-typetree-allocator-block-size=2097152"
    "memorysetup-profiler-bucket-allocator-granularity=16"
    "memorysetup-profiler-bucket-allocator-bucket-count=8"
    "memorysetup-profiler-bucket-allocator-block-size=33554432"
    "memorysetup-profiler-bucket-allocator-block-count=8"
    "memorysetup-profiler-allocator-block-size=16777216"
    "memorysetup-profiler-editor-allocator-block-size=1048576"
    "memorysetup-temp-allocator-size-main=16777216"
    "memorysetup-job-temp-allocator-block-size=2097152"
    "memorysetup-job-temp-allocator-block-size-background=1048576"
    "memorysetup-job-temp-allocator-reduction-small-platforms=262144"
    "memorysetup-temp-allocator-size-background-worker=32768"
    "memorysetup-temp-allocator-size-job-worker=262144"
    "memorysetup-temp-allocator-size-preload-manager=33554432"
    "memorysetup-temp-allocator-size-nav-mesh-worker=65536"
    "memorysetup-temp-allocator-size-audio-worker=65536"
    "memorysetup-temp-allocator-size-cloud-worker=32768"
    "memorysetup-temp-allocator-size-gi-baking-worker=262144"
    "memorysetup-temp-allocator-size-gfx=262144"
Refreshing native plugins compatible for Editor in 229.59 ms, found 3 plugins.
Preloading 0 native plugins for Editor in 0.00 ms.
Initialize engine version: 2021.3.12f1 (8af3c3e441b1)
[Subsystems] Discovering subsystems at path C:/Program Files/Unity/Hub/Editor/2021.3.12f1/Editor/Data/Resources/UnitySubsystems
[Subsystems] Discovering subsystems at path D:/Classes/_ Year 3/ITEC 3100/Dinosaur-Churros/Assets
GfxDevice: creating device client; threaded=0; jobified=0
Direct3D:
    Version:  Direct3D 11.0 [level 11.1]
    Renderer: NVIDIA GeForce RTX 2070 SUPER (ID=0x1e84)
    Vendor:   NVIDIA
    VRAM:     8003 MB
    Driver:   31.0.15.2824
Initialize mono
Mono path[0] = 'C:/Program Files/Unity/Hub/Editor/2021.3.12f1/Editor/Data/Managed'
Mono path[1] = 'C:/Program Files/Unity/Hub/Editor/2021.3.12f1/Editor/Data/MonoBleedingEdge/lib/mono/unityjit-win32'
Mono config path = 'C:/Program Files/Unity/Hub/Editor/2021.3.12f1/Editor/Data/MonoBleedingEdge/etc'
Using monoOptions --debugger-agent=transport=dt_socket,embedding=1,server=y,suspend=n,address=127.0.0.1:56708
Begin MonoManager ReloadAssembly
Registering precompiled unity dll's ...
Register platform support module: C:/Program Files/Unity/Hub/Editor/2021.3.12f1/Editor/Data/PlaybackEngines/WindowsStandaloneSupport/UnityEditor.WindowsStandalone.Extensions.dll
Registered in 0.007072 seconds.
Native extension for WindowsStandalone target not found
Refreshing native plugins compatible for Editor in 71.12 ms, found 3 plugins.
Preloading 0 native plugins for Editor in 0.00 ms.
Mono: successfully reloaded assembly
- Completed reload, in  0.576 seconds
Domain Reload Profiling:
	ReloadAssembly (576ms)
		BeginReloadAssembly (71ms)
			ExecutionOrderSort (0ms)
			DisableScriptedObjects (0ms)
			BackupInstance (0ms)
			ReleaseScriptingObjects (0ms)
			CreateAndSetChildDomain (1ms)
		EndReloadAssembly (406ms)
			LoadAssemblies (68ms)
			RebuildTransferFunctionScriptingTraits (0ms)
			SetupTypeCache (89ms)
			ReleaseScriptCaches (0ms)
			RebuildScriptCaches (25ms)
			SetupLoadedEditorAssemblies (243ms)
				LogAssemblyErrors (0ms)
				InitializePlatformSupportModulesInManaged (7ms)
				SetLoadedEditorAssemblies (0ms)
				RefreshPlugins (71ms)
				BeforeProcessingInitializeOnLoad (1ms)
				ProcessInitializeOnLoadAttributes (123ms)
				ProcessInitializeOnLoadMethodAttributes (41ms)
				AfterProcessingInitializeOnLoad (0ms)
				EditorAssembliesLoaded (0ms)
			ExecutionOrderSort2 (0ms)
			AwakeInstancesAfterBackupRestoration (0ms)
Platform modules already initialized, skipping
Registering precompiled user dll's ...
Registered in 0.004393 seconds.
Begin MonoManager ReloadAssembly
Symbol file LoadedFromMemory doesn't match image D:\Classes\_ Year 3\ITEC 3100\Dinosaur-Churros\Library\PackageCache\com.unity.visualscripting@1.7.8\Editor\VisualScripting.Core\Dependencies\YamlDotNet\Unity.VisualScripting.YamlDotNet.dll
Symbol file LoadedFromMemory doesn't match image D:\Classes\_ Year 3\ITEC 3100\Dinosaur-Churros\Library\PackageCache\com.unity.visualscripting@1.7.8\Editor\VisualScripting.Core\Dependencies\DotNetZip\Unity.VisualScripting.IonicZip.dll
Native extension for WindowsStandalone target not found
Refreshing native plugins compatible for Editor in 0.52 ms, found 3 plugins.
Preloading 0 native plugins for Editor in 0.00 ms.
Mono: successfully reloaded assembly
- Completed reload, in  0.928 seconds
Domain Reload Profiling:
	ReloadAssembly (928ms)
		BeginReloadAssembly (100ms)
			ExecutionOrderSort (0ms)
			DisableScriptedObjects (5ms)
			BackupInstance (0ms)
			ReleaseScriptingObjects (0ms)
			CreateAndSetChildDomain (16ms)
		EndReloadAssembly (728ms)
			LoadAssemblies (75ms)
			RebuildTransferFunctionScriptingTraits (0ms)
			SetupTypeCache (220ms)
			ReleaseScriptCaches (1ms)
			RebuildScriptCaches (42ms)
			SetupLoadedEditorAssemblies (363ms)
				LogAssemblyErrors (0ms)
				InitializePlatformSupportModulesInManaged (5ms)
				SetLoadedEditorAssemblies (0ms)
				RefreshPlugins (1ms)
				BeforeProcessingInitializeOnLoad (75ms)
				ProcessInitializeOnLoadAttributes (247ms)
				ProcessInitializeOnLoadMethodAttributes (26ms)
				AfterProcessingInitializeOnLoad (9ms)
				EditorAssembliesLoaded (0ms)
			ExecutionOrderSort2 (0ms)
			AwakeInstancesAfterBackupRestoration (6ms)
Platform modules already initialized, skipping
========================================================================
Worker process is ready to serve import requests
Launched and connected shader compiler UnityShaderCompiler.exe after 0.04 seconds
Refreshing native plugins compatible for Editor in 0.52 ms, found 3 plugins.
Preloading 0 native plugins for Editor in 0.00 ms.
Unloading 3381 Unused Serialized files (Serialized files now loaded: 0)
Unloading 27 unused Assets / (113.4 KB). Loaded Objects now: 3847.
Memory consumption went from 119.0 MB to 118.9 MB.
Total: 3.300600 ms (FindLiveObjects: 0.297400 ms CreateObjectMapping: 0.247600 ms MarkObjects: 2.654600 ms  DeleteObjects: 0.100200 ms)

AssetImportParameters requested are different than current active one (requested -> active):
  custom:video-decoder-ogg-theora: a1e56fd34408186e4bbccfd4996cb3dc -> 
  custom:container-muxer-webm: aa71ff27fc2769a1b78a27578f13a17b -> 
  custom:container-demuxer-webm: 4f35f7cbe854078d1ac9338744f61a02 -> 
  custom:video-encoder-webm-vp8: eb34c28f22e8b96e1ab97ce403110664 -> 
  custom:video-codec-MediaFoundation-h265: 746d11721c4dcdbdad8f713fa42b33f4 -> 
  custom:audio-encoder-webm-vorbis: bf7c407c2cedff20999df2af8eb42d56 -> 
  custom:framework-win-MediaFoundation: 216162199b28c13a410421893ffa2e32 -> 
  custom:container-demuxer-ogg: 62fdf1f143b41e24485cea50d1cbac27 -> 
  custom:video-decoder-webm-vp8: 9c59270c3fd7afecdb556c50c9e8de78 -> 
  custom:audio-decoder-ogg-vorbis: bf7c407c2cedff20999df2af8eb42d56 -> 
========================================================================
Received Import Request.
  Time since last request: 14218.313572 seconds.
  path: Assets/Janine/sourceImage
  artifactKey: Guid(b0701ac638461314abbe31bb1cfb2a4a) Importer(815301076,1909f56bfc062723c751e8b465ee728b)
Start importing Assets/Janine/sourceImage using Guid(b0701ac638461314abbe31bb1cfb2a4a) Importer(815301076,1909f56bfc062723c751e8b465ee728b)  -> (artifact id: 'ecf3d2b4c3ae7dc4ff9ed450e0df70ba') in 0.009237 seconds 
========================================================================
Received Import Request.
  Time since last request: 15.313390 seconds.
  path: Assets/Janine/sourceImages
  artifactKey: Guid(b0701ac638461314abbe31bb1cfb2a4a) Importer(815301076,1909f56bfc062723c751e8b465ee728b)
Start importing Assets/Janine/sourceImages using Guid(b0701ac638461314abbe31bb1cfb2a4a) Importer(815301076,1909f56bfc062723c751e8b465ee728b)  -> (artifact id: '69eca5ff361c6f2d5deee7dc3d1a7d20') in 0.005291 seconds 
========================================================================
Received Import Request.
  Time since last request: 4.845841 seconds.
  path: Assets/Janine/New Folder
  artifactKey: Guid(fd1394d592c851f469a13a63267f714e) Importer(815301076,1909f56bfc062723c751e8b465ee728b)
Start importing Assets/Janine/New Folder using Guid(fd1394d592c851f469a13a63267f714e) Importer(815301076,1909f56bfc062723c751e8b465ee728b)  -> (artifact id: 'd7b97eb366d8df8433c1531a95a93315') in 0.005697 seconds 
========================================================================
Received Import Request.
  Time since last request: 68.717607 seconds.
  path: Assets/Janine/New Folder/0_Janine_start.ma
  artifactKey: Guid(a85f3f6af28967f44ad174720a66bba5) Importer(815301076,1909f56bfc062723c751e8b465ee728b)
Start importing Assets/Janine/New Folder/0_Janine_start.ma using Guid(a85f3f6af28967f44ad174720a66bba5) Importer(815301076,1909f56bfc062723c751e8b465ee728b)  -> (artifact id: '177c0d0d43d05da7d98e11b48429d110') in 0.562415 seconds 
========================================================================
Received Import Request.
  Time since last request: 12.169256 seconds.
  path: Assets/Janine/scenes
  artifactKey: Guid(fd1394d592c851f469a13a63267f714e) Importer(815301076,1909f56bfc062723c751e8b465ee728b)
Start importing Assets/Janine/scenes using Guid(fd1394d592c851f469a13a63267f714e) Importer(815301076,1909f56bfc062723c751e8b465ee728b)  -> (artifact id: '84abb36d21d81df13d126e2cda0ff713') in 0.005867 seconds 
========================================================================
Received Import Request.
  Time since last request: 56.349205 seconds.
  path: Assets/Characters
  artifactKey: Guid(984433c9086b7214ca9e75d68332b16c) Importer(815301076,1909f56bfc062723c751e8b465ee728b)
Start importing Assets/Characters using Guid(984433c9086b7214ca9e75d68332b16c) Importer(815301076,1909f56bfc062723c751e8b465ee728b)  -> (artifact id: '7abd6f274b8bed51441069d4c7a49f9d') in 0.005827 seconds 
========================================================================
Received Import Request.
  Time since last request: 9.405876 seconds.
  path: Assets/Characters/Jerry
  artifactKey: Guid(f28148e9058dd0245bc72886e83e9536) Importer(815301076,1909f56bfc062723c751e8b465ee728b)
Start importing Assets/Characters/Jerry using Guid(f28148e9058dd0245bc72886e83e9536) Importer(815301076,1909f56bfc062723c751e8b465ee728b)  -> (artifact id: 'dd74d6536284716dd7c488575053d4fd') in 0.007481 seconds 
========================================================================
Received Import Request.
  Time since last request: 10.350632 seconds.
  path: Assets/Characters/Jerry/scenes
  artifactKey: Guid(173cb49842d4dd24f91f356c6e8d48b7) Importer(815301076,1909f56bfc062723c751e8b465ee728b)
Start importing Assets/Characters/Jerry/scenes using Guid(173cb49842d4dd24f91f356c6e8d48b7) Importer(815301076,1909f56bfc062723c751e8b465ee728b)  -> (artifact id: 'd7326fc440c840a8aa841bd596bcfa78') in 0.001853 seconds 
========================================================================
Received Import Request.
  Time since last request: 8.914429 seconds.
  path: Assets/Characters/Jerry/sourceImages
  artifactKey: Guid(f929311642a930447a60b91e73ee59f9) Importer(815301076,1909f56bfc062723c751e8b465ee728b)
Start importing Assets/Characters/Jerry/sourceImages using Guid(f929311642a930447a60b91e73ee59f9) Importer(815301076,1909f56bfc062723c751e8b465ee728b)  -> (artifact id: '363b1cd03c0fdfc20d26124a60b7f99c') in 0.005265 seconds 
========================================================================
Received Import Request.
  Time since last request: 13.662977 seconds.
  path: Assets/Characters/Jerry/credit.txt
  artifactKey: Guid(1baa4a693cd8168419d2762cabfa63c3) Importer(815301076,1909f56bfc062723c751e8b465ee728b)
Start importing Assets/Characters/Jerry/credit.txt using Guid(1baa4a693cd8168419d2762cabfa63c3) Importer(815301076,1909f56bfc062723c751e8b465ee728b)  -> (artifact id: '0187c62dbd5a5f0cf204894c9df8c7c1') in 0.011748 seconds 
========================================================================
Received Import Request.
  Time since last request: 10.030358 seconds.
  path: Assets/Characters/Jerry/sourceImages/diffuse.JerryHandsFINAL2.png
  artifactKey: Guid(3ff83a76ea971904abd5e27056553bf7) Importer(815301076,1909f56bfc062723c751e8b465ee728b)
Start importing Assets/Characters/Jerry/sourceImages/diffuse.JerryHandsFINAL2.png using Guid(3ff83a76ea971904abd5e27056553bf7) Importer(815301076,1909f56bfc062723c751e8b465ee728b)  -> (artifact id: '0a3779c6775b4ca41db2c0544c0ef38e') in 0.171873 seconds 
========================================================================
Received Import Request.
  Time since last request: 0.000023 seconds.
  path: Assets/Characters/Jerry/sourceImages/diffuse.JerryPants.png
  artifactKey: Guid(ffd5ae248ea62c842b8cf62ae8a42c5e) Importer(815301076,1909f56bfc062723c751e8b465ee728b)
Start importing Assets/Characters/Jerry/sourceImages/diffuse.JerryPants.png using Guid(ffd5ae248ea62c842b8cf62ae8a42c5e) Importer(815301076,1909f56bfc062723c751e8b465ee728b)  -> (artifact id: 'b76a2177ad136d5f2c793be76407144e') in 0.012675 seconds 
========================================================================
Received Import Request.
  Time since last request: 0.000027 seconds.
  path: Assets/Characters/Jerry/sourceImages/diffuse.JerrysweaterFINAL_V01_olive.png
  artifactKey: Guid(eadf5a212bc02e340afb11ca80610a06) Importer(815301076,1909f56bfc062723c751e8b465ee728b)
Start importing Assets/Characters/Jerry/sourceImages/diffuse.JerrysweaterFINAL_V01_olive.png using Guid(eadf5a212bc02e340afb11ca80610a06) Importer(815301076,1909f56bfc062723c751e8b465ee728b)  -> (artifact id: '6f9d8cee2578d72b5d9963c1ce9ff1fd') in 0.021662 seconds 
========================================================================
Received Import Request.
  Time since last request: 26.060799 seconds.
  path: Assets/Characters/Jerry/scenes/0_Jerry_start.ma
  artifactKey: Guid(f07fe4ad4ec156549a7f8a8ea4d0c9e2) Importer(815301076,1909f56bfc062723c751e8b465ee728b)
Start importing Assets/Characters/Jerry/scenes/0_Jerry_start.ma using Guid(f07fe4ad4ec156549a7f8a8ea4d0c9e2) Importer(815301076,1909f56bfc062723c751e8b465ee728b)  -> (artifact id: '2138a8e0fa580bb5c4813e4dc18efe6a') in 0.238612 seconds 
========================================================================
Received Import Request.
  Time since last request: 761.756962 seconds.
  path: Assets/Audio/soundFX
  artifactKey: Guid(c2f81e262c878414ab345543c2856af3) Importer(815301076,1909f56bfc062723c751e8b465ee728b)
Start importing Assets/Audio/soundFX using Guid(c2f81e262c878414ab345543c2856af3) Importer(815301076,1909f56bfc062723c751e8b465ee728b)  -> (artifact id: 'b66552cbd9afa724d2b83525af80c594') in 0.006926 seconds 
========================================================================
Received Import Request.
  Time since last request: 11.235686 seconds.
  path: Assets/Audio/Invested Lines
  artifactKey: Guid(f4e22c7f08aa944438c1c762c438c3d9) Importer(815301076,1909f56bfc062723c751e8b465ee728b)
Start importing Assets/Audio/Invested Lines using Guid(f4e22c7f08aa944438c1c762c438c3d9) Importer(815301076,1909f56bfc062723c751e8b465ee728b)  -> (artifact id: 'd405b0da68a5dbd559235e54e40c0f77') in 0.005237 seconds 
========================================================================
Received Import Request.
  Time since last request: 0.062201 seconds.
  path: Assets/Audio/Invested Lines/The Invested - Over Here!.mp3
  artifactKey: Guid(20bcdf75c04aad44293b39c6fcb01012) Importer(815301076,1909f56bfc062723c751e8b465ee728b)
Start importing Assets/Audio/Invested Lines/The Invested - Over Here!.mp3 using Guid(20bcdf75c04aad44293b39c6fcb01012) Importer(815301076,1909f56bfc062723c751e8b465ee728b)  -> (artifact id: 'b1c9c6319419ea9311e4170b6472dc1e') in 0.227605 seconds 
========================================================================
Received Import Request.
  Time since last request: 0.000021 seconds.
  path: Assets/Audio/Invested Lines/The Invested - Yes.mp3
  artifactKey: Guid(0f80dc41f33854443a361a62e092f9f2) Importer(815301076,1909f56bfc062723c751e8b465ee728b)
Start importing Assets/Audio/Invested Lines/The Invested - Yes.mp3 using Guid(0f80dc41f33854443a361a62e092f9f2) Importer(815301076,1909f56bfc062723c751e8b465ee728b)  -> (artifact id: '746e652badaac1ab1810bc6cee4e8970') in 0.122393 seconds 
========================================================================
Received Import Request.
  Time since last request: 4.231276 seconds.
  path: Assets/Audio/Magician Lines
  artifactKey: Guid(2723460667a19bd42a2c682e45c7a687) Importer(815301076,1909f56bfc062723c751e8b465ee728b)
Start importing Assets/Audio/Magician Lines using Guid(2723460667a19bd42a2c682e45c7a687) Importer(815301076,1909f56bfc062723c751e8b465ee728b)  -> (artifact id: 'cb2e30104e6f9a82bb3a1ada300bc0ac') in 0.007432 seconds 
========================================================================
Received Import Request.
  Time since last request: 1.929112 seconds.
  path: Assets/Audio/Skeptic Lines
  artifactKey: Guid(58ed79fb8ae093a4890758af4097e2ba) Importer(815301076,1909f56bfc062723c751e8b465ee728b)
Start importing Assets/Audio/Skeptic Lines using Guid(58ed79fb8ae093a4890758af4097e2ba) Importer(815301076,1909f56bfc062723c751e8b465ee728b)  -> (artifact id: '4f79d60df7b0dcf0801f196dcdd4184b') in 0.006089 seconds 
========================================================================
Received Import Request.
  Time since last request: 3706.971503 seconds.
  path: Assets/Characters/Bryce.zip
  artifactKey: Guid(66bcb133673769b41bd89b71d5c4be5a) Importer(815301076,1909f56bfc062723c751e8b465ee728b)
Start importing Assets/Characters/Bryce.zip using Guid(66bcb133673769b41bd89b71d5c4be5a) Importer(815301076,1909f56bfc062723c751e8b465ee728b)  -> (artifact id: '82934aafdefd317a25f3ab0a9a7901c2') in 0.008580 seconds 
========================================================================
Received Import Request.
  Time since last request: 18.891205 seconds.
  path: Assets/Characters/Megan.zip
  artifactKey: Guid(0258f36aa45f1c44b81a26aefd7bd620) Importer(815301076,1909f56bfc062723c751e8b465ee728b)
Start importing Assets/Characters/Megan.zip using Guid(0258f36aa45f1c44b81a26aefd7bd620) Importer(815301076,1909f56bfc062723c751e8b465ee728b)  -> (artifact id: '677470a4daf38f04db7fae48c719819a') in 0.005554 seconds 
========================================================================
Received Import Request.
  Time since last request: 22.507253 seconds.
  path: Assets/Characters/Bryve
  artifactKey: Guid(ad19757f706c1f5469bf7f2ace42b053) Importer(815301076,1909f56bfc062723c751e8b465ee728b)
Start importing Assets/Characters/Bryve using Guid(ad19757f706c1f5469bf7f2ace42b053) Importer(815301076,1909f56bfc062723c751e8b465ee728b)  -> (artifact id: '0ebdf7fe7e23df32a1e3756cabbf733e') in 0.005051 seconds 
========================================================================
Received Import Request.
  Time since last request: 3.512419 seconds.
  path: Assets/Characters/Bryce
  artifactKey: Guid(ad19757f706c1f5469bf7f2ace42b053) Importer(815301076,1909f56bfc062723c751e8b465ee728b)
Start importing Assets/Characters/Bryce using Guid(ad19757f706c1f5469bf7f2ace42b053) Importer(815301076,1909f56bfc062723c751e8b465ee728b)  -> (artifact id: 'c17b104e29353ad66dc0ba0c0dc367cf') in 0.001732 seconds 
========================================================================
Received Import Request.
  Time since last request: 11.633465 seconds.
  path: Assets/Characters/Megan
  artifactKey: Guid(bdd739dec6fa4b84cb43822316209212) Importer(815301076,1909f56bfc062723c751e8b465ee728b)
Start importing Assets/Characters/Megan using Guid(bdd739dec6fa4b84cb43822316209212) Importer(815301076,1909f56bfc062723c751e8b465ee728b)  -> (artifact id: '0914b4889d2b3a763bb8a9c5dbd2f5b3') in 0.002116 seconds 
========================================================================
Received Import Request.
  Time since last request: 6.172033 seconds.
  path: Assets/Characters/Leonard
  artifactKey: Guid(71f42d188db816243b4737986da0fc6f) Importer(815301076,1909f56bfc062723c751e8b465ee728b)
Start importing Assets/Characters/Leonard using Guid(71f42d188db816243b4737986da0fc6f) Importer(815301076,1909f56bfc062723c751e8b465ee728b)  -> (artifact id: '8a07163c48f8a7d3b89848a90af79476') in 0.005188 seconds 
========================================================================
Received Import Request.
  Time since last request: 5.923563 seconds.
  path: Assets/Characters/Lewis
  artifactKey: Guid(9c074802f3db6a349a932d7dec6b7ca7) Importer(815301076,1909f56bfc062723c751e8b465ee728b)
Start importing Assets/Characters/Lewis using Guid(9c074802f3db6a349a932d7dec6b7ca7) Importer(815301076,1909f56bfc062723c751e8b465ee728b)  -> (artifact id: '6f7d44ab9c7f5888a104f0d9258c1d9a') in 0.005887 seconds 
========================================================================
Received Import Request.
  Time since last request: 50.804816 seconds.
  path: Assets/Characters/Megan/Ch22_nonPBR.dae
  artifactKey: Guid(d6444d59459b0da48ad953449d04425a) Importer(815301076,1909f56bfc062723c751e8b465ee728b)
Start importing Assets/Characters/Megan/Ch22_nonPBR.dae using Guid(d6444d59459b0da48ad953449d04425a) Importer(815301076,1909f56bfc062723c751e8b465ee728b)  -> (artifact id: '2850ee7cdc7d092d765d19d0ffacd728') in 0.124187 seconds 
========================================================================
Received Import Request.
  Time since last request: 5.085890 seconds.
  path: Assets/Characters/Megan/textures
  artifactKey: Guid(46b0d3a89c2fde7419c71bd3f547bf30) Importer(815301076,1909f56bfc062723c751e8b465ee728b)
Start importing Assets/Characters/Megan/textures using Guid(46b0d3a89c2fde7419c71bd3f547bf30) Importer(815301076,1909f56bfc062723c751e8b465ee728b)  -> (artifact id: '51415f87c4e0d683e6e42243e0bb13d9') in 0.005479 seconds 
========================================================================
Received Import Request.
  Time since last request: 6.584950 seconds.
  path: Assets/Characters/Megan/textures/New Folder
  artifactKey: Guid(d1e602959e8f4864aa83bc488e0ac1e0) Importer(815301076,1909f56bfc062723c751e8b465ee728b)
Start importing Assets/Characters/Megan/textures/New Folder using Guid(d1e602959e8f4864aa83bc488e0ac1e0) Importer(815301076,1909f56bfc062723c751e8b465ee728b)  -> (artifact id: '3fb8b007ff5e4c7099f52131a688a1d5') in 0.004674 seconds 
========================================================================
Received Import Request.
  Time since last request: 9.648856 seconds.
  path: Assets/Characters/Megan/textures/Ch22_1001_Diffuse.png
  artifactKey: Guid(c2d0b88771e2a79469e06f4b2f019157) Importer(815301076,1909f56bfc062723c751e8b465ee728b)
Start importing Assets/Characters/Megan/textures/Ch22_1001_Diffuse.png using Guid(c2d0b88771e2a79469e06f4b2f019157) Importer(815301076,1909f56bfc062723c751e8b465ee728b)  -> (artifact id: 'e0171cc79ef565a43a03ebc0c7e1cbf0') in 0.013022 seconds 
========================================================================
Received Import Request.
  Time since last request: 0.000023 seconds.
  path: Assets/Characters/Megan/textures/Ch22_1001_Normal.png
  artifactKey: Guid(ffc466f9f5f896140ace28a088d6ed7e) Importer(815301076,1909f56bfc062723c751e8b465ee728b)
Start importing Assets/Characters/Megan/textures/Ch22_1001_Normal.png using Guid(ffc466f9f5f896140ace28a088d6ed7e) Importer(815301076,1909f56bfc062723c751e8b465ee728b)  -> (artifact id: 'fd76724b196015d1a495b2c7db5b7d32') in 0.252011 seconds 
========================================================================
Received Import Request.
  Time since last request: 0.000017 seconds.
  path: Assets/Characters/Megan/textures/Ch22_1001_Specular.png
  artifactKey: Guid(f2d89e62f3a38ed4585a7d93f6c228b2) Importer(815301076,1909f56bfc062723c751e8b465ee728b)
Start importing Assets/Characters/Megan/textures/Ch22_1001_Specular.png using Guid(f2d89e62f3a38ed4585a7d93f6c228b2) Importer(815301076,1909f56bfc062723c751e8b465ee728b)  -> (artifact id: 'cabe4bd6a2eb8f66a6613de6ef9cab90') in 0.010150 seconds 
========================================================================
Received Import Request.
  Time since last request: 0.000025 seconds.
  path: Assets/Characters/Megan/textures/Ch22_1002_Normal.png
  artifactKey: Guid(652534f5b8a844b43a1399566cbd6d25) Importer(815301076,1909f56bfc062723c751e8b465ee728b)
Start importing Assets/Characters/Megan/textures/Ch22_1002_Normal.png using Guid(652534f5b8a844b43a1399566cbd6d25) Importer(815301076,1909f56bfc062723c751e8b465ee728b)  -> (artifact id: '3db33698baef8b5c01f91a153cd9fa84') in 0.012367 seconds 
========================================================================
Received Import Request.
  Time since last request: 1.330148 seconds.
  path: Assets/Characters/Megan/Ch22_nonPBR.dae
  artifactKey: Guid(d6444d59459b0da48ad953449d04425a) Importer(815301076,1909f56bfc062723c751e8b465ee728b)
Start importing Assets/Characters/Megan/Ch22_nonPBR.dae using Guid(d6444d59459b0da48ad953449d04425a) Importer(815301076,1909f56bfc062723c751e8b465ee728b)  -> (artifact id: '9ccda6bc812a28c91465b8f42e42776a') in 0.121903 seconds 
========================================================================
Received Import Request.
  Time since last request: 8.405973 seconds.
  path: Assets/Characters/Lewis/textures
  artifactKey: Guid(e3a0f4e80e0ef184a9c1c0c91d9b66f0) Importer(815301076,1909f56bfc062723c751e8b465ee728b)
Start importing Assets/Characters/Lewis/textures using Guid(e3a0f4e80e0ef184a9c1c0c91d9b66f0) Importer(815301076,1909f56bfc062723c751e8b465ee728b)  -> (artifact id: '51d604ff729f35693f58263c252a0601') in 0.001841 seconds 
========================================================================
Received Import Request.
  Time since last request: 9.536215 seconds.
  path: Assets/Characters/Lewis/Ch12_nonPBR.dae
  artifactKey: Guid(7cc4e4e127e779944be52f064d24e2c3) Importer(815301076,1909f56bfc062723c751e8b465ee728b)
Start importing Assets/Characters/Lewis/Ch12_nonPBR.dae using Guid(7cc4e4e127e779944be52f064d24e2c3) Importer(815301076,1909f56bfc062723c751e8b465ee728b)  -> (artifact id: '54479f1ebe1ff358d4ad327a776aa1e5') in 0.258234 seconds 
========================================================================
Received Import Request.
  Time since last request: 8.572714 seconds.
  path: Assets/Characters/Lewis/textures/Ch12_1001_Diffuse.png
  artifactKey: Guid(912061fb2095f0d478eb94ac0e06c661) Importer(815301076,1909f56bfc062723c751e8b465ee728b)
Start importing Assets/Characters/Lewis/textures/Ch12_1001_Diffuse.png using Guid(912061fb2095f0d478eb94ac0e06c661) Importer(815301076,1909f56bfc062723c751e8b465ee728b)  -> (artifact id: '8cc0555de812264fb66fdfb9979fafd0') in 0.022965 seconds 
========================================================================
Received Import Request.
  Time since last request: 0.000020 seconds.
  path: Assets/Characters/Lewis/textures/Ch12_1001_Specular.png
  artifactKey: Guid(76dc5b3665754b946bf2e6410bca7fe1) Importer(815301076,1909f56bfc062723c751e8b465ee728b)
Start importing Assets/Characters/Lewis/textures/Ch12_1001_Specular.png using Guid(76dc5b3665754b946bf2e6410bca7fe1) Importer(815301076,1909f56bfc062723c751e8b465ee728b)  -> (artifact id: '47bd2e53369d242c206e94f6a330fb25') in 0.010738 seconds 
========================================================================
Received Import Request.
  Time since last request: 0.668679 seconds.
  path: Assets/Characters/Lewis/Ch12_nonPBR.dae
  artifactKey: Guid(7cc4e4e127e779944be52f064d24e2c3) Importer(815301076,1909f56bfc062723c751e8b465ee728b)
Start importing Assets/Characters/Lewis/Ch12_nonPBR.dae using Guid(7cc4e4e127e779944be52f064d24e2c3) Importer(815301076,1909f56bfc062723c751e8b465ee728b)  -> (artifact id: '49c9e924b9d16e52aa8811e3242eebda') in 0.041791 seconds 
========================================================================
Received Import Request.
  Time since last request: 7.208938 seconds.
  path: Assets/Characters/Leonard/textures
  artifactKey: Guid(13f24ad4721eec64a97a1b1a5bc8dc80) Importer(815301076,1909f56bfc062723c751e8b465ee728b)
Start importing Assets/Characters/Leonard/textures using Guid(13f24ad4721eec64a97a1b1a5bc8dc80) Importer(815301076,1909f56bfc062723c751e8b465ee728b)  -> (artifact id: '0494f1d7dfbebe8aa2d678c7c6c8e994') in 0.001661 seconds 
========================================================================
Received Import Request.
  Time since last request: 7.975908 seconds.
  path: Assets/Characters/Leonard/Ch31_nonPBR.dae
  artifactKey: Guid(1b84c39ba6adcae42b0e4d6009a6bd9e) Importer(815301076,1909f56bfc062723c751e8b465ee728b)
Start importing Assets/Characters/Leonard/Ch31_nonPBR.dae using Guid(1b84c39ba6adcae42b0e4d6009a6bd9e) Importer(815301076,1909f56bfc062723c751e8b465ee728b)  -> (artifact id: '36519843f35bf8895d3074d0b036c5dc') in 0.116753 seconds 
========================================================================
Received Import Request.
  Time since last request: 6.780391 seconds.
  path: Assets/Characters/Leonard/textures/Ch31_1001_Diffuse.png
  artifactKey: Guid(fda32862cca538d479ffb21a2c83c86b) Importer(815301076,1909f56bfc062723c751e8b465ee728b)
Start importing Assets/Characters/Leonard/textures/Ch31_1001_Diffuse.png using Guid(fda32862cca538d479ffb21a2c83c86b) Importer(815301076,1909f56bfc062723c751e8b465ee728b)  -> (artifact id: '5cfb683092ab5dc4be822cc58da2a2fa') in 0.015953 seconds 
========================================================================
Received Import Request.
  Time since last request: 1.100044 seconds.
  path: Assets/Characters/Leonard/Ch31_nonPBR.dae
  artifactKey: Guid(1b84c39ba6adcae42b0e4d6009a6bd9e) Importer(815301076,1909f56bfc062723c751e8b465ee728b)
Start importing Assets/Characters/Leonard/Ch31_nonPBR.dae using Guid(1b84c39ba6adcae42b0e4d6009a6bd9e) Importer(815301076,1909f56bfc062723c751e8b465ee728b)  -> (artifact id: '780b18150b11986f9d386489f25f073f') in 0.071359 seconds 
========================================================================
Received Import Request.
  Time since last request: 6.154519 seconds.
  path: Assets/Characters/Bryce/textures
  artifactKey: Guid(26e44b4bcc624a74e8560f734f279917) Importer(815301076,1909f56bfc062723c751e8b465ee728b)
Start importing Assets/Characters/Bryce/textures using Guid(26e44b4bcc624a74e8560f734f279917) Importer(815301076,1909f56bfc062723c751e8b465ee728b)  -> (artifact id: '50578ff4f66820ee541f38737cc8daba') in 0.002467 seconds 
========================================================================
Received Import Request.
  Time since last request: 8.769129 seconds.
  path: Assets/Characters/Bryce/Ch42_nonPBR.dae
  artifactKey: Guid(a6101472899c32d4caf8a0f19baffad5) Importer(815301076,1909f56bfc062723c751e8b465ee728b)
Start importing Assets/Characters/Bryce/Ch42_nonPBR.dae using Guid(a6101472899c32d4caf8a0f19baffad5) Importer(815301076,1909f56bfc062723c751e8b465ee728b)  -> (artifact id: '109a5a99b828963940eb64ade30250be') in 0.156848 seconds 
========================================================================
Received Import Request.
  Time since last request: 7.211329 seconds.
  path: Assets/Characters/Bryce/textures/Ch42_1001_Diffuse.png
  artifactKey: Guid(14f2f00a4d3b6a445abb0bc8a8fce222) Importer(815301076,1909f56bfc062723c751e8b465ee728b)
Start importing Assets/Characters/Bryce/textures/Ch42_1001_Diffuse.png using Guid(14f2f00a4d3b6a445abb0bc8a8fce222) Importer(815301076,1909f56bfc062723c751e8b465ee728b)  -> (artifact id: '3293714a2538733a3f212386929174c0') in 0.034951 seconds 
========================================================================
Received Import Request.
  Time since last request: 12.290313 seconds.
  path: Assets/Characters/Bryce/Ch42_nonPBR.dae
  artifactKey: Guid(a6101472899c32d4caf8a0f19baffad5) Importer(815301076,1909f56bfc062723c751e8b465ee728b)
Start importing Assets/Characters/Bryce/Ch42_nonPBR.dae using Guid(a6101472899c32d4caf8a0f19baffad5) Importer(815301076,1909f56bfc062723c751e8b465ee728b)  -> (artifact id: 'a7e13b4a82dda0bfca034f90893b083a') in 0.068029 seconds 
